  AcceptThread.cpp
c:\users\blueb\documents\github\cheongikim\mydevserver\iocpserver\acceptthread.cpp(32): warning C4002: 함수 같은 매크로 호출 'RtlZeroMemory'에 대해 인수가 너무 많습니다.
  DBThread.cpp
c:\users\blueb\documents\github\cheongikim\mydevserver\iocpserver\dbthread.cpp(55): warning C4101: 'e' :참조되지 않은 지역 변수입니다.
c:\users\blueb\documents\github\cheongikim\mydevserver\iocpserver\dbthread.cpp(67): warning C4101: 'e' :참조되지 않은 지역 변수입니다.
c:\users\blueb\documents\github\cheongikim\mydevserver\iocpserver\dbthread.cpp(82): warning C4101: 'e' :참조되지 않은 지역 변수입니다.
  MyThread.cpp
  ObjManager.cpp
  PacketManager.cpp
c:\users\blueb\documents\github\cheongikim\mydevserver\iocpserver\packetmanager.cpp(26): warning C4390: ';': 제어된 빈 문이 있습니다. 이 문이 필요합니까?
c:\users\blueb\documents\github\cheongikim\mydevserver\iocpserver\packetmanager.cpp(175): warning C4553: '==': 식의 결과가 사용되지 않습니다. '='을(를) 의도했습니까?
  RoomManager.cpp
  ServerMain.cpp
  ThreadManager.cpp
  WorkerThread.cpp
c:\users\blueb\documents\github\cheongikim\mydevserver\iocpserver\workerthread.cpp(35): warning C4244: '인수': 'unsigned __int64'에서 'int'(으)로 변환하면서 데이터가 손실될 수 있습니다.
c:\users\blueb\documents\github\cheongikim\mydevserver\iocpserver\workerthread.cpp(42): warning C4244: '인수': 'unsigned __int64'에서 'int'(으)로 변환하면서 데이터가 손실될 수 있습니다.
c:\users\blueb\documents\github\cheongikim\mydevserver\iocpserver\workerthread.cpp(51): warning C4244: '인수': 'unsigned __int64'에서 'unsigned int'(으)로 변환하면서 데이터가 손실될 수 있습니다.
c:\users\blueb\documents\github\cheongikim\mydevserver\iocpserver\workerthread.cpp(52): warning C4244: '인수': 'unsigned __int64'에서 'unsigned int'(으)로 변환하면서 데이터가 손실될 수 있습니다.
c:\users\blueb\documents\github\cheongikim\mydevserver\iocpserver\workerthread.cpp(56): warning C4244: '인수': 'unsigned __int64'에서 'unsigned int'(으)로 변환하면서 데이터가 손실될 수 있습니다.
c:\users\blueb\documents\github\cheongikim\mydevserver\iocpserver\workerthread.cpp(59): warning C4244: '인수': 'unsigned __int64'에서 'unsigned int'(으)로 변환하면서 데이터가 손실될 수 있습니다.
c:\users\blueb\documents\github\cheongikim\mydevserver\iocpserver\workerthread.cpp(60): warning C4244: '인수': 'unsigned __int64'에서 'unsigned int'(으)로 변환하면서 데이터가 손실될 수 있습니다.
c:\users\blueb\documents\github\cheongikim\mydevserver\iocpserver\workerthread.cpp(64): warning C4244: '인수': 'unsigned __int64'에서 'unsigned int'(으)로 변환하면서 데이터가 손실될 수 있습니다.
c:\users\blueb\documents\github\cheongikim\mydevserver\iocpserver\workerthread.cpp(65): warning C4244: '인수': 'unsigned __int64'에서 'unsigned int'(으)로 변환하면서 데이터가 손실될 수 있습니다.
c:\users\blueb\documents\github\cheongikim\mydevserver\iocpserver\workerthread.cpp(65): warning C4244: '인수': 'unsigned __int64'에서 'int'(으)로 변환하면서 데이터가 손실될 수 있습니다.
c:\users\blueb\documents\github\cheongikim\mydevserver\iocpserver\workerthread.cpp(68): warning C4244: '인수': 'unsigned __int64'에서 'unsigned int'(으)로 변환하면서 데이터가 손실될 수 있습니다.
c:\users\blueb\documents\github\cheongikim\mydevserver\iocpserver\workerthread.cpp(68): warning C4244: '인수': 'unsigned __int64'에서 'int'(으)로 변환하면서 데이터가 손실될 수 있습니다.
c:\users\blueb\documents\github\cheongikim\mydevserver\iocpserver\workerthread.cpp(74): warning C4244: '인수': 'unsigned __int64'에서 'unsigned int'(으)로 변환하면서 데이터가 손실될 수 있습니다.
c:\users\blueb\documents\github\cheongikim\mydevserver\iocpserver\workerthread.cpp(78): warning C4244: '인수': 'unsigned __int64'에서 'unsigned int'(으)로 변환하면서 데이터가 손실될 수 있습니다.
c:\users\blueb\documents\github\cheongikim\mydevserver\iocpserver\workerthread.cpp(79): warning C4244: '인수': 'unsigned __int64'에서 'unsigned int'(으)로 변환하면서 데이터가 손실될 수 있습니다.
c:\users\blueb\documents\github\cheongikim\mydevserver\iocpserver\workerthread.cpp(82): warning C4244: '인수': 'unsigned __int64'에서 'unsigned int'(으)로 변환하면서 데이터가 손실될 수 있습니다.
c:\users\blueb\documents\github\cheongikim\mydevserver\iocpserver\workerthread.cpp(86): warning C4244: '인수': 'unsigned __int64'에서 'unsigned int'(으)로 변환하면서 데이터가 손실될 수 있습니다.
  코드를 생성하고 있습니다...
  IOCPServer.vcxproj -> C:\Users\blueb\Documents\GitHub\cheongiKim\MyDevServer\x64\Debug\IOCPServer.exe
